#-----------------------------------------------------------
# Vivado v2024.2 (64-bit)
# SW Build 5239630 on Fri Nov 08 22:35:27 MST 2024
# IP Build 5239520 on Sun Nov 10 16:12:51 MST 2024
# SharedData Build 5239561 on Fri Nov 08 14:39:27 MST 2024
# Start of session at: Tue Aug  5 13:50:41 2025
# Process ID         : 26272
# Current directory  : C:/JHU_Classes/RISC_V/riscv-cpu/RTL/CPUs/RISCVpipelinedRV32IMF
# Command line       : vivado.exe -gui_launcher_event rodinguilauncherevent32060 C:\JHU_Classes\RISC_V\riscv-cpu\RTL\CPUs\RISCVpipelinedRV32IMF\RISCVpipelinedRV32IMF.xpr
# Log file           : C:/JHU_Classes/RISC_V/riscv-cpu/RTL/CPUs/RISCVpipelinedRV32IMF/vivado.log
# Journal file       : C:/JHU_Classes/RISC_V/riscv-cpu/RTL/CPUs/RISCVpipelinedRV32IMF\vivado.jou
# Running On         : QianPC
# Platform           : Windows Server 2016 or Windows 10
# Operating System   : 26100
# Processor Detail   : 12th Gen Intel(R) Core(TM) i9-12900H
# CPU Frequency      : 2918 MHz
# CPU Physical cores : 14
# CPU Logical cores  : 20
# Host memory        : 16848 MB
# Swap memory        : 32212 MB
# Total Virtual      : 49060 MB
# Available Virtual  : 22651 MB
#-----------------------------------------------------------
WARNING: [Runs 36-547] User Strategy 'Vivado Implementation Defaults' from file 'C:\Users\lamqi\AppData\Roaming/Xilinx/Vivado/2024.2/strategies/Vivado Implementation Defaults.Vivado Implementation 2020.psg' discarded because strategy with same name already parsed from 'C:/Xilinx/Vivado/2024.2/strategies/VDI2020.psg'
start_gui
open_project C:/JHU_Classes/RISC_V/riscv-cpu/RTL/CPUs/RISCVpipelinedRV32IMF/RISCVpipelinedRV32IMF.xpr
WARNING: [Board 49-26] cannot add Board Part xilinx.com:zcu208ld:part0:2.0 available at C:/Xilinx/Vivado/2024.2/data/xhub/boards/XilinxBoardStore/boards/Xilinx/zcu208ld/production/2.0/board.xml as part xczu58dr-fsvg1517-2-i specified in board_part file is either invalid or not available
WARNING: [Board 49-26] cannot add Board Part xilinx.com:zcu216ld:part0:2.0 available at C:/Xilinx/Vivado/2024.2/data/xhub/boards/XilinxBoardStore/boards/Xilinx/zcu216ld/production/2.0/board.xml as part xczu59dr-ffvf1760-2-i specified in board_part file is either invalid or not available
WARNING: [Board 49-26] cannot add Board Part xilinx.com:zcu670ld:part0:1.0 available at C:/Xilinx/Vivado/2024.2/data/xhub/boards/XilinxBoardStore/boards/Xilinx/zcu670ld/1.0/board.xml as part xczu57dr-fsve1156-2-i specified in board_part file is either invalid or not available
Scanning sources...
Finished scanning sources
INFO: [IP_Flow 19-234] Refreshing IP repositories
INFO: [IP_Flow 19-1704] No user IP repositories specified
INFO: [IP_Flow 19-2313] Loaded Vivado IP repository 'C:/Xilinx/Vivado/2024.2/data/ip'.
open_project: Time (s): cpu = 00:00:35 ; elapsed = 00:00:18 . Memory (MB): peak = 1685.516 ; gain = 454.941
WARNING: [filemgmt 56-199] Attempt to get parsing info during refresh. "On-the-fly" syntax checking information may be incorrect. [C:\JHU_Classes\RISC_V\riscv-cpu\RTL\CPUs\RISCVpipelinedRV32IMF\RISCVpipelinedRV32IMF.srcs\sources_1\imports\RISCVpipelinecode\pl_id_cu.v:]
WARNING: [filemgmt 56-199] Attempt to get parsing info during refresh. "On-the-fly" syntax checking information may be incorrect. [C:\JHU_Classes\RISC_V\riscv-cpu\RTL\CPUs\RISCVpipelinedRV32IMF\RISCVpipelinedRV32IMF.srcs\sources_1\imports\RISCVpipelinecode\pl_computer.v:]
WARNING: [filemgmt 56-199] Attempt to get parsing info during refresh. "On-the-fly" syntax checking information may be incorrect. [C:\JHU_Classes\RISC_V\riscv-cpu\RTL\CPUs\RISCVpipelinedRV32IMF\RISCVpipelinedRV32IMF.srcs\sources_1\imports\RISCVpipelinecode\pl_computer.v:]
WARNING: [filemgmt 56-199] Attempt to get parsing info during refresh. "On-the-fly" syntax checking information may be incorrect. [C:\JHU_Classes\RISC_V\riscv-cpu\RTL\CPUs\RISCVpipelinedRV32IMF\RISCVpipelinedRV32IMF.srcs\sources_1\imports\RISCVpipelinecode\pl_computer.v:]
ERROR: [Common 17-180] Spawn failed: No error
WARNING: [filemgmt 56-199] Attempt to get parsing info during refresh. "On-the-fly" syntax checking information may be incorrect. [C:\JHU_Classes\RISC_V\riscv-cpu\RTL\CPUs\RISCVpipelinedRV32IMF\RISCVpipelinedRV32IMF.srcs\sources_1\imports\RISCVpipelinecode\pl_id_cu.v:]
WARNING: [filemgmt 56-199] Attempt to get parsing info during refresh. "On-the-fly" syntax checking information may be incorrect. [C:\JHU_Classes\RISC_V\riscv-cpu\RTL\CPUs\RISCVpipelinedRV32IMF\RISCVpipelinedRV32IMF.srcs\sources_1\imports\RISCVpipelinecode\pl_computer.v:]
WARNING: [filemgmt 56-199] Attempt to get parsing info during refresh. "On-the-fly" syntax checking information may be incorrect. [C:\JHU_Classes\RISC_V\riscv-cpu\RTL\CPUs\RISCVpipelinedRV32IMF\RISCVpipelinedRV32IMF.srcs\sources_1\imports\RISCVpipelinecode\pl_id_cu.v:]
WARNING: [filemgmt 56-199] Attempt to get parsing info during refresh. "On-the-fly" syntax checking information may be incorrect. [C:\JHU_Classes\RISC_V\riscv-cpu\RTL\CPUs\RISCVpipelinedRV32IMF\RISCVpipelinedRV32IMF.srcs\sources_1\imports\RISCVpipelinecode\pl_id_cu.v:]
ERROR: [Common 17-180] Spawn failed: No error
save_project_as RISVpipelinedRV32IMF_INT C:/JHU_Classes/RISC_V/riscv-cpu/RTL/CPUs/RISVpipelinedRV32IMF_INT -force
WARNING: [IP_Flow 19-4995] The host OS only allows 260 characters in a normal path. The IP cache path is more than 80 characters. If you experience issues with IP caching, please consider changing the IP cache to a location with a shorter path. Alternately consider using the OS subst command to map part of the path to a drive letter. 
Current IP cache path is C:/JHU_Classes/RISC_V/riscv-cpu/RTL/CPUs/RISVpipelinedRV32IMF_INT/RISVpipelinedRV32IMF_INT.cache/ip 
save_project_as: Time (s): cpu = 00:00:05 ; elapsed = 00:00:05 . Memory (MB): peak = 1727.598 ; gain = 0.000
import_files
INFO: [filemgmt 20-334] All file(s) are already imported in fileset: 'clk_wiz_0'
INFO: [filemgmt 20-348] Importing the appropriate files for fileset: 'clk_wiz_0'
INFO: [filemgmt 20-334] All file(s) are already imported in fileset: 'ila_0'
INFO: [filemgmt 20-348] Importing the appropriate files for fileset: 'ila_0'
INFO: [filemgmt 20-334] All file(s) are already imported in fileset: 'constrs_1'
INFO: [filemgmt 20-348] Importing the appropriate files for fileset: 'constrs_1'
INFO: [filemgmt 20-334] All file(s) are already imported in fileset: 'sim_1'
INFO: [filemgmt 20-348] Importing the appropriate files for fileset: 'sim_1'
INFO: [filemgmt 20-334] All file(s) are already imported in fileset: 'sources_1'
INFO: [filemgmt 20-348] Importing the appropriate files for fileset: 'sources_1'
INFO: [filemgmt 20-334] All file(s) are already imported in fileset: 'utils_1'
INFO: [filemgmt 20-348] Importing the appropriate files for fileset: 'utils_1'
WARNING: [filemgmt 56-199] Attempt to get parsing info during refresh. "On-the-fly" syntax checking information may be incorrect. [C:\JHU_Classes\RISC_V\riscv-cpu\RTL\CPUs\RISVpipelinedRV32IMF_INT\RISVpipelinedRV32IMF_INT.srcs\sources_1\imports\RISCVpipelinecode\pl_id_cu.v:]
WARNING: [filemgmt 56-199] Attempt to get parsing info during refresh. "On-the-fly" syntax checking information may be incorrect. [C:\JHU_Classes\RISC_V\riscv-cpu\RTL\CPUs\RISVpipelinedRV32IMF_INT\RISVpipelinedRV32IMF_INT.srcs\sources_1\imports\RISCVpipelinecode\pl_stage_id.v:]
WARNING: [filemgmt 56-199] Attempt to get parsing info during refresh. "On-the-fly" syntax checking information may be incorrect. [C:\JHU_Classes\RISC_V\riscv-cpu\RTL\CPUs\RISVpipelinedRV32IMF_INT\RISVpipelinedRV32IMF_INT.srcs\sources_1\imports\RISCVpipelinecode\pl_computer.v:]
WARNING: [filemgmt 56-199] Attempt to get parsing info during refresh. "On-the-fly" syntax checking information may be incorrect. [C:\JHU_Classes\RISC_V\riscv-cpu\RTL\CPUs\RISVpipelinedRV32IMF_INT\RISVpipelinedRV32IMF_INT.srcs\sources_1\imports\RISCVpipelinecode\pl_stage_id.v:]
WARNING: [filemgmt 56-199] Attempt to get parsing info during refresh. "On-the-fly" syntax checking information may be incorrect. [C:\JHU_Classes\RISC_V\riscv-cpu\RTL\CPUs\RISVpipelinedRV32IMF_INT\RISVpipelinedRV32IMF_INT.srcs\sources_1\imports\RISCVpipelinecode\pl_stage_id.v:]
WARNING: [filemgmt 56-199] Attempt to get parsing info during refresh. "On-the-fly" syntax checking information may be incorrect. [C:\JHU_Classes\RISC_V\riscv-cpu\RTL\CPUs\RISVpipelinedRV32IMF_INT\RISVpipelinedRV32IMF_INT.srcs\sources_1\imports\RISCVpipelinecode\pl_id_cu.v:]
WARNING: [filemgmt 56-199] Attempt to get parsing info during refresh. "On-the-fly" syntax checking information may be incorrect. [C:\JHU_Classes\RISC_V\riscv-cpu\RTL\CPUs\RISVpipelinedRV32IMF_INT\RISVpipelinedRV32IMF_INT.srcs\sources_1\imports\RISCVpipelinecode\pl_stage_id.v:]
WARNING: [filemgmt 56-199] Attempt to get parsing info during refresh. "On-the-fly" syntax checking information may be incorrect. [C:\JHU_Classes\RISC_V\riscv-cpu\RTL\CPUs\RISVpipelinedRV32IMF_INT\RISVpipelinedRV32IMF_INT.srcs\sources_1\imports\RISCVpipelinecode\pl_computer.v:]
WARNING: [filemgmt 56-199] Attempt to get parsing info during refresh. "On-the-fly" syntax checking information may be incorrect. [C:\JHU_Classes\RISC_V\riscv-cpu\RTL\CPUs\RISVpipelinedRV32IMF_INT\RISVpipelinedRV32IMF_INT.srcs\sources_1\imports\RISCVpipelinecode\pl_computer.v:]
WARNING: [filemgmt 56-199] Attempt to get parsing info during refresh. "On-the-fly" syntax checking information may be incorrect. [C:\JHU_Classes\RISC_V\riscv-cpu\RTL\CPUs\RISVpipelinedRV32IMF_INT\RISVpipelinedRV32IMF_INT.srcs\sources_1\imports\RISCVpipelinecode\pl_computer.v:]
import_files -norecurse C:/JHU_Classes/RISC_V/riscv-cpu/RTL/CPUs/RISCVsinglecycleint/RISCVsinglecycleint.srcs/sources_1/new/csr_unit.v
WARNING: [filemgmt 56-199] Attempt to get parsing info during refresh. "On-the-fly" syntax checking information may be incorrect. [C:\JHU_Classes\RISC_V\riscv-cpu\RTL\CPUs\RISVpipelinedRV32IMF_INT\RISVpipelinedRV32IMF_INT.srcs\sources_1\imports\RISCVpipelinecode\pl_id_cu.v:]
WARNING: [filemgmt 56-199] Attempt to get parsing info during refresh. "On-the-fly" syntax checking information may be incorrect. [C:\JHU_Classes\RISC_V\riscv-cpu\RTL\CPUs\RISVpipelinedRV32IMF_INT\RISVpipelinedRV32IMF_INT.srcs\sources_1\imports\RISCVpipelinecode\pl_stage_id.v:]
WARNING: [filemgmt 56-199] Attempt to get parsing info during refresh. "On-the-fly" syntax checking information may be incorrect. [C:\JHU_Classes\RISC_V\riscv-cpu\RTL\CPUs\RISVpipelinedRV32IMF_INT\RISVpipelinedRV32IMF_INT.srcs\sources_1\imports\RISCVpipelinecode\pl_computer.v:]
WARNING: [filemgmt 56-199] Attempt to get parsing info during refresh. "On-the-fly" syntax checking information may be incorrect. [C:\JHU_Classes\RISC_V\riscv-cpu\RTL\CPUs\RISVpipelinedRV32IMF_INT\RISVpipelinedRV32IMF_INT.srcs\sources_1\imports\RISCVpipelinecode\pl_id_cu.v:]
WARNING: [filemgmt 56-199] Attempt to get parsing info during refresh. "On-the-fly" syntax checking information may be incorrect. [C:\JHU_Classes\RISC_V\riscv-cpu\RTL\CPUs\RISVpipelinedRV32IMF_INT\RISVpipelinedRV32IMF_INT.srcs\sources_1\imports\RISCVpipelinecode\pl_id_cu.v:]
WARNING: [filemgmt 56-199] Attempt to get parsing info during refresh. "On-the-fly" syntax checking information may be incorrect. [C:\JHU_Classes\RISC_V\riscv-cpu\RTL\CPUs\RISVpipelinedRV32IMF_INT\RISVpipelinedRV32IMF_INT.srcs\sources_1\imports\RISCVpipelinecode\pl_id_cu.v:]
WARNING: [filemgmt 56-199] Attempt to get parsing info during refresh. "On-the-fly" syntax checking information may be incorrect. [C:\JHU_Classes\RISC_V\riscv-cpu\RTL\CPUs\RISVpipelinedRV32IMF_INT\RISVpipelinedRV32IMF_INT.srcs\sources_1\imports\RISCVpipelinecode\pl_stage_id.v:]
WARNING: [filemgmt 56-199] Attempt to get parsing info during refresh. "On-the-fly" syntax checking information may be incorrect. [C:\JHU_Classes\RISC_V\riscv-cpu\RTL\CPUs\RISVpipelinedRV32IMF_INT\RISVpipelinedRV32IMF_INT.srcs\sources_1\imports\RISCVpipelinecode\pl_computer.v:]
WARNING: [filemgmt 56-199] Attempt to get parsing info during refresh. "On-the-fly" syntax checking information may be incorrect. [C:\JHU_Classes\RISC_V\riscv-cpu\RTL\CPUs\RISVpipelinedRV32IMF_INT\RISVpipelinedRV32IMF_INT.srcs\sources_1\imports\RISCVpipelinecode\pl_stage_id.v:]
WARNING: [filemgmt 56-199] Attempt to get parsing info during refresh. "On-the-fly" syntax checking information may be incorrect. [C:\JHU_Classes\RISC_V\riscv-cpu\RTL\CPUs\RISVpipelinedRV32IMF_INT\RISVpipelinedRV32IMF_INT.srcs\sources_1\imports\RISCVpipelinecode\pl_stage_id.v:]
WARNING: [filemgmt 56-199] Attempt to get parsing info during refresh. "On-the-fly" syntax checking information may be incorrect. [C:\JHU_Classes\RISC_V\riscv-cpu\RTL\CPUs\RISVpipelinedRV32IMF_INT\RISVpipelinedRV32IMF_INT.srcs\sources_1\imports\RISCVpipelinecode\pl_id_cu.v:]
WARNING: [filemgmt 56-199] Attempt to get parsing info during refresh. "On-the-fly" syntax checking information may be incorrect. [C:\JHU_Classes\RISC_V\riscv-cpu\RTL\CPUs\RISVpipelinedRV32IMF_INT\RISVpipelinedRV32IMF_INT.srcs\sources_1\imports\RISCVpipelinecode\pl_stage_id.v:]
WARNING: [filemgmt 56-199] Attempt to get parsing info during refresh. "On-the-fly" syntax checking information may be incorrect. [C:\JHU_Classes\RISC_V\riscv-cpu\RTL\CPUs\RISVpipelinedRV32IMF_INT\RISVpipelinedRV32IMF_INT.srcs\sources_1\imports\RISCVpipelinecode\pl_computer.v:]
WARNING: [filemgmt 56-199] Attempt to get parsing info during refresh. "On-the-fly" syntax checking information may be incorrect. [C:\JHU_Classes\RISC_V\riscv-cpu\RTL\CPUs\RISVpipelinedRV32IMF_INT\RISVpipelinedRV32IMF_INT.srcs\sources_1\imports\RISCVpipelinecode\pl_stage_id.v:]
WARNING: [filemgmt 56-199] Attempt to get parsing info during refresh. "On-the-fly" syntax checking information may be incorrect. [C:\JHU_Classes\RISC_V\riscv-cpu\RTL\CPUs\RISVpipelinedRV32IMF_INT\RISVpipelinedRV32IMF_INT.srcs\sources_1\imports\RISCVpipelinecode\pl_stage_id.v:]
WARNING: [filemgmt 56-199] Attempt to get parsing info during refresh. "On-the-fly" syntax checking information may be incorrect. [C:\JHU_Classes\RISC_V\riscv-cpu\RTL\CPUs\RISVpipelinedRV32IMF_INT\RISVpipelinedRV32IMF_INT.srcs\sources_1\imports\RISCVpipelinecode\pl_id_cu.v:]
WARNING: [filemgmt 56-199] Attempt to get parsing info during refresh. "On-the-fly" syntax checking information may be incorrect. [C:\JHU_Classes\RISC_V\riscv-cpu\RTL\CPUs\RISVpipelinedRV32IMF_INT\RISVpipelinedRV32IMF_INT.srcs\sources_1\imports\RISCVpipelinecode\pl_stage_id.v:]
WARNING: [filemgmt 56-199] Attempt to get parsing info during refresh. "On-the-fly" syntax checking information may be incorrect. [C:\JHU_Classes\RISC_V\riscv-cpu\RTL\CPUs\RISVpipelinedRV32IMF_INT\RISVpipelinedRV32IMF_INT.srcs\sources_1\imports\RISCVpipelinecode\pl_computer.v:]
WARNING: [filemgmt 56-199] Attempt to get parsing info during refresh. "On-the-fly" syntax checking information may be incorrect. [C:\JHU_Classes\RISC_V\riscv-cpu\RTL\CPUs\RISVpipelinedRV32IMF_INT\RISVpipelinedRV32IMF_INT.srcs\sources_1\imports\RISCVpipelinecode\pl_computer.v:]
WARNING: [filemgmt 56-199] Attempt to get parsing info during refresh. "On-the-fly" syntax checking information may be incorrect. [C:\JHU_Classes\RISC_V\riscv-cpu\RTL\CPUs\RISVpipelinedRV32IMF_INT\RISVpipelinedRV32IMF_INT.srcs\sources_1\imports\RISCVpipelinecode\pl_computer.v:]
WARNING: [filemgmt 56-199] Attempt to get parsing info during refresh. "On-the-fly" syntax checking information may be incorrect. [C:\JHU_Classes\RISC_V\riscv-cpu\RTL\CPUs\RISVpipelinedRV32IMF_INT\RISVpipelinedRV32IMF_INT.srcs\sources_1\imports\RISCVpipelinecode\pl_id_cu.v:]
WARNING: [filemgmt 56-199] Attempt to get parsing info during refresh. "On-the-fly" syntax checking information may be incorrect. [C:\JHU_Classes\RISC_V\riscv-cpu\RTL\CPUs\RISVpipelinedRV32IMF_INT\RISVpipelinedRV32IMF_INT.srcs\sources_1\imports\RISCVpipelinecode\pl_stage_id.v:]
WARNING: [filemgmt 56-199] Attempt to get parsing info during refresh. "On-the-fly" syntax checking information may be incorrect. [C:\JHU_Classes\RISC_V\riscv-cpu\RTL\CPUs\RISVpipelinedRV32IMF_INT\RISVpipelinedRV32IMF_INT.srcs\sources_1\imports\RISCVpipelinecode\pl_computer.v:]
WARNING: [filemgmt 56-199] Attempt to get parsing info during refresh. "On-the-fly" syntax checking information may be incorrect. [C:\JHU_Classes\RISC_V\riscv-cpu\RTL\CPUs\RISVpipelinedRV32IMF_INT\RISVpipelinedRV32IMF_INT.srcs\sources_1\imports\RISCVpipelinecode\pl_computer.v:]
WARNING: [filemgmt 56-199] Attempt to get parsing info during refresh. "On-the-fly" syntax checking information may be incorrect. [C:\JHU_Classes\RISC_V\riscv-cpu\RTL\CPUs\RISVpipelinedRV32IMF_INT\RISVpipelinedRV32IMF_INT.srcs\sources_1\imports\RISCVpipelinecode\pl_computer.v:]
WARNING: [filemgmt 56-199] Attempt to get parsing info during refresh. "On-the-fly" syntax checking information may be incorrect. [C:\JHU_Classes\RISC_V\riscv-cpu\RTL\CPUs\RISVpipelinedRV32IMF_INT\RISVpipelinedRV32IMF_INT.srcs\sources_1\imports\RISCVpipelinecode\pl_id_cu.v:]
WARNING: [filemgmt 56-199] Attempt to get parsing info during refresh. "On-the-fly" syntax checking information may be incorrect. [C:\JHU_Classes\RISC_V\riscv-cpu\RTL\CPUs\RISVpipelinedRV32IMF_INT\RISVpipelinedRV32IMF_INT.srcs\sources_1\imports\RISCVpipelinecode\pl_stage_id.v:]
WARNING: [filemgmt 56-199] Attempt to get parsing info during refresh. "On-the-fly" syntax checking information may be incorrect. [C:\JHU_Classes\RISC_V\riscv-cpu\RTL\CPUs\RISVpipelinedRV32IMF_INT\RISVpipelinedRV32IMF_INT.srcs\sources_1\imports\RISCVpipelinecode\pl_computer.v:]
WARNING: [filemgmt 56-199] Attempt to get parsing info during refresh. "On-the-fly" syntax checking information may be incorrect. [C:\JHU_Classes\RISC_V\riscv-cpu\RTL\CPUs\RISVpipelinedRV32IMF_INT\RISVpipelinedRV32IMF_INT.srcs\sources_1\imports\RISCVpipelinecode\pl_id_cu.v:]
WARNING: [filemgmt 56-199] Attempt to get parsing info during refresh. "On-the-fly" syntax checking information may be incorrect. [C:\JHU_Classes\RISC_V\riscv-cpu\RTL\CPUs\RISVpipelinedRV32IMF_INT\RISVpipelinedRV32IMF_INT.srcs\sources_1\imports\RISCVpipelinecode\pl_id_cu.v:]
WARNING: [filemgmt 56-199] Attempt to get parsing info during refresh. "On-the-fly" syntax checking information may be incorrect. [C:\JHU_Classes\RISC_V\riscv-cpu\RTL\CPUs\RISVpipelinedRV32IMF_INT\RISVpipelinedRV32IMF_INT.srcs\sources_1\imports\RISCVpipelinecode\pl_id_cu.v:]
WARNING: [filemgmt 56-199] Attempt to get parsing info during refresh. "On-the-fly" syntax checking information may be incorrect. [C:\JHU_Classes\RISC_V\riscv-cpu\RTL\CPUs\RISVpipelinedRV32IMF_INT\RISVpipelinedRV32IMF_INT.srcs\sources_1\imports\RISCVpipelinecode\pl_stage_id.v:]
WARNING: [filemgmt 56-199] Attempt to get parsing info during refresh. "On-the-fly" syntax checking information may be incorrect. [C:\JHU_Classes\RISC_V\riscv-cpu\RTL\CPUs\RISVpipelinedRV32IMF_INT\RISVpipelinedRV32IMF_INT.srcs\sources_1\imports\RISCVpipelinecode\pl_computer.v:]
WARNING: [filemgmt 56-199] Attempt to get parsing info during refresh. "On-the-fly" syntax checking information may be incorrect. [C:\JHU_Classes\RISC_V\riscv-cpu\RTL\CPUs\RISVpipelinedRV32IMF_INT\RISVpipelinedRV32IMF_INT.srcs\sources_1\imports\RISCVpipelinecode\pl_stage_id.v:]
WARNING: [filemgmt 56-199] Attempt to get parsing info during refresh. "On-the-fly" syntax checking information may be incorrect. [C:\JHU_Classes\RISC_V\riscv-cpu\RTL\CPUs\RISVpipelinedRV32IMF_INT\RISVpipelinedRV32IMF_INT.srcs\sources_1\imports\RISCVpipelinecode\pl_stage_id.v:]
WARNING: [filemgmt 56-199] Attempt to get parsing info during refresh. "On-the-fly" syntax checking information may be incorrect. [C:\JHU_Classes\RISC_V\riscv-cpu\RTL\CPUs\RISVpipelinedRV32IMF_INT\RISVpipelinedRV32IMF_INT.srcs\sources_1\imports\RISCVpipelinecode\pl_id_cu.v:]
WARNING: [filemgmt 56-199] Attempt to get parsing info during refresh. "On-the-fly" syntax checking information may be incorrect. [C:\JHU_Classes\RISC_V\riscv-cpu\RTL\CPUs\RISVpipelinedRV32IMF_INT\RISVpipelinedRV32IMF_INT.srcs\sources_1\imports\RISCVpipelinecode\pl_stage_id.v:]
WARNING: [filemgmt 56-199] Attempt to get parsing info during refresh. "On-the-fly" syntax checking information may be incorrect. [C:\JHU_Classes\RISC_V\riscv-cpu\RTL\CPUs\RISVpipelinedRV32IMF_INT\RISVpipelinedRV32IMF_INT.srcs\sources_1\imports\RISCVpipelinecode\pl_computer.v:]
WARNING: [filemgmt 56-199] Attempt to get parsing info during refresh. "On-the-fly" syntax checking information may be incorrect. [C:\JHU_Classes\RISC_V\riscv-cpu\RTL\CPUs\RISVpipelinedRV32IMF_INT\RISVpipelinedRV32IMF_INT.srcs\sources_1\imports\RISCVpipelinecode\pl_computer.v:]
WARNING: [filemgmt 56-199] Attempt to get parsing info during refresh. "On-the-fly" syntax checking information may be incorrect. [C:\JHU_Classes\RISC_V\riscv-cpu\RTL\CPUs\RISVpipelinedRV32IMF_INT\RISVpipelinedRV32IMF_INT.srcs\sources_1\imports\RISCVpipelinecode\pl_computer.v:]
WARNING: [filemgmt 56-199] Attempt to get parsing info during refresh. "On-the-fly" syntax checking information may be incorrect. [C:\JHU_Classes\RISC_V\riscv-cpu\RTL\CPUs\RISVpipelinedRV32IMF_INT\RISVpipelinedRV32IMF_INT.srcs\sources_1\imports\RISCVpipelinecode\pl_id_cu.v:]
WARNING: [filemgmt 56-199] Attempt to get parsing info during refresh. "On-the-fly" syntax checking information may be incorrect. [C:\JHU_Classes\RISC_V\riscv-cpu\RTL\CPUs\RISVpipelinedRV32IMF_INT\RISVpipelinedRV32IMF_INT.srcs\sources_1\imports\RISCVpipelinecode\pl_stage_id.v:]
WARNING: [filemgmt 56-199] Attempt to get parsing info during refresh. "On-the-fly" syntax checking information may be incorrect. [C:\JHU_Classes\RISC_V\riscv-cpu\RTL\CPUs\RISVpipelinedRV32IMF_INT\RISVpipelinedRV32IMF_INT.srcs\sources_1\imports\RISCVpipelinecode\pl_computer.v:]
WARNING: [filemgmt 56-199] Attempt to get parsing info during refresh. "On-the-fly" syntax checking information may be incorrect. [C:\JHU_Classes\RISC_V\riscv-cpu\RTL\CPUs\RISVpipelinedRV32IMF_INT\RISVpipelinedRV32IMF_INT.srcs\sources_1\imports\RISCVpipelinecode\pl_stage_id.v:]
WARNING: [filemgmt 56-199] Attempt to get parsing info during refresh. "On-the-fly" syntax checking information may be incorrect. [C:\JHU_Classes\RISC_V\riscv-cpu\RTL\CPUs\RISVpipelinedRV32IMF_INT\RISVpipelinedRV32IMF_INT.srcs\sources_1\imports\RISCVpipelinecode\pl_stage_id.v:]
WARNING: [filemgmt 56-199] Attempt to get parsing info during refresh. "On-the-fly" syntax checking information may be incorrect. [C:\JHU_Classes\RISC_V\riscv-cpu\RTL\CPUs\RISVpipelinedRV32IMF_INT\RISVpipelinedRV32IMF_INT.srcs\sources_1\imports\RISCVpipelinecode\pl_id_cu.v:]
WARNING: [filemgmt 56-199] Attempt to get parsing info during refresh. "On-the-fly" syntax checking information may be incorrect. [C:\JHU_Classes\RISC_V\riscv-cpu\RTL\CPUs\RISVpipelinedRV32IMF_INT\RISVpipelinedRV32IMF_INT.srcs\sources_1\imports\RISCVpipelinecode\pl_stage_id.v:]
WARNING: [filemgmt 56-199] Attempt to get parsing info during refresh. "On-the-fly" syntax checking information may be incorrect. [C:\JHU_Classes\RISC_V\riscv-cpu\RTL\CPUs\RISVpipelinedRV32IMF_INT\RISVpipelinedRV32IMF_INT.srcs\sources_1\imports\RISCVpipelinecode\pl_computer.v:]
WARNING: [filemgmt 56-199] Attempt to get parsing info during refresh. "On-the-fly" syntax checking information may be incorrect. [C:\JHU_Classes\RISC_V\riscv-cpu\RTL\CPUs\RISVpipelinedRV32IMF_INT\RISVpipelinedRV32IMF_INT.srcs\sources_1\imports\RISCVpipelinecode\pl_computer.v:]
WARNING: [filemgmt 56-199] Attempt to get parsing info during refresh. "On-the-fly" syntax checking information may be incorrect. [C:\JHU_Classes\RISC_V\riscv-cpu\RTL\CPUs\RISVpipelinedRV32IMF_INT\RISVpipelinedRV32IMF_INT.srcs\sources_1\imports\RISCVpipelinecode\pl_computer.v:]
ERROR: [Common 17-180] Spawn failed: No error
exit
INFO: [Common 17-206] Exiting Vivado at Tue Aug  5 14:29:09 2025...
