#-----------------------------------------------------------
# Vivado v2024.2 (64-bit)
# SW Build 5239630 on Fri Nov 08 22:35:27 MST 2024
# IP Build 5239520 on Sun Nov 10 16:12:51 MST 2024
# SharedData Build 5239561 on Fri Nov 08 14:39:27 MST 2024
# Start of session at: Sat Jul 26 18:41:15 2025
# Process ID         : 43388
# Current directory  : C:/JHU_Classes/RISC_V/riscv-cpu/RTL/CPUs/RISCVsinglecycleint
# Command line       : vivado.exe -gui_launcher_event rodinguilauncherevent42996 C:\JHU_Classes\RISC_V\riscv-cpu\RTL\CPUs\RISCVsinglecycleint\RISCVsinglecycleint.xpr
# Log file           : C:/JHU_Classes/RISC_V/riscv-cpu/RTL/CPUs/RISCVsinglecycleint/vivado.log
# Journal file       : C:/JHU_Classes/RISC_V/riscv-cpu/RTL/CPUs/RISCVsinglecycleint\vivado.jou
# Running On         : QianPC
# Platform           : Windows Server 2016 or Windows 10
# Operating System   : 26100
# Processor Detail   : 12th Gen Intel(R) Core(TM) i9-12900H
# CPU Frequency      : 2918 MHz
# CPU Physical cores : 14
# CPU Logical cores  : 20
# Host memory        : 16848 MB
# Swap memory        : 31138 MB
# Total Virtual      : 47986 MB
# Available Virtual  : 23683 MB
#-----------------------------------------------------------
WARNING: [Runs 36-547] User Strategy 'Vivado Implementation Defaults' from file 'C:\Users\lamqi\AppData\Roaming/Xilinx/Vivado/2024.2/strategies/Vivado Implementation Defaults.Vivado Implementation 2020.psg' discarded because strategy with same name already parsed from 'C:/Xilinx/Vivado/2024.2/strategies/VDI2020.psg'
start_gui
open_project C:/JHU_Classes/RISC_V/riscv-cpu/RTL/CPUs/RISCVsinglecycleint/RISCVsinglecycleint.xpr
WARNING: [Board 49-26] cannot add Board Part xilinx.com:zcu208ld:part0:2.0 available at C:/Xilinx/Vivado/2024.2/data/xhub/boards/XilinxBoardStore/boards/Xilinx/zcu208ld/production/2.0/board.xml as part xczu58dr-fsvg1517-2-i specified in board_part file is either invalid or not available
WARNING: [Board 49-26] cannot add Board Part xilinx.com:zcu216ld:part0:2.0 available at C:/Xilinx/Vivado/2024.2/data/xhub/boards/XilinxBoardStore/boards/Xilinx/zcu216ld/production/2.0/board.xml as part xczu59dr-ffvf1760-2-i specified in board_part file is either invalid or not available
WARNING: [Board 49-26] cannot add Board Part xilinx.com:zcu670ld:part0:1.0 available at C:/Xilinx/Vivado/2024.2/data/xhub/boards/XilinxBoardStore/boards/Xilinx/zcu670ld/1.0/board.xml as part xczu57dr-fsve1156-2-i specified in board_part file is either invalid or not available
INFO: [Project 1-313] Project file moved from 'D:/riscv-cpu/RTL/CPUs/RISCVsinglecycleint' since last save.
WARNING: [filemgmt 56-3] IPUserFilesDir: Could not find the directory 'C:/JHU_Classes/RISC_V/riscv-cpu/RTL/CPUs/RISCVsinglecycleint/RISCVsinglecycleint.ip_user_files'.
Scanning sources...
Finished scanning sources
WARNING: [Project 1-509] GeneratedRun file for 'synth_1' not found
WARNING: [Project 1-509] GeneratedRun file for 'clk_wiz_0_synth_1' not found
WARNING: [Project 1-509] GeneratedRun file for 'ila_0_synth_1' not found
WARNING: [Project 1-509] GeneratedRun file for 'impl_1' not found
INFO: [IP_Flow 19-234] Refreshing IP repositories
INFO: [IP_Flow 19-1704] No user IP repositories specified
INFO: [IP_Flow 19-2313] Loaded Vivado IP repository 'C:/Xilinx/Vivado/2024.2/data/ip'.
WARNING: [IP_Flow 19-3664] IP 'clk_wiz_0' generated file not found 'c:/JHU_Classes/RISC_V/riscv-cpu/RTL/CPUs/RISCVsinglecycleint/RISCVsinglecycleint.gen/sources_1/ip/clk_wiz_0_1/clk_wiz_0.dcp'. Please regenerate to continue.
WARNING: [IP_Flow 19-3664] IP 'ila_0' generated file not found 'c:/JHU_Classes/RISC_V/riscv-cpu/RTL/CPUs/RISCVsinglecycleint/RISCVsinglecycleint.gen/sources_1/ip/ila_0/ila_0.dcp'. Please regenerate to continue.
open_project: Time (s): cpu = 00:00:54 ; elapsed = 00:00:37 . Memory (MB): peak = 1619.465 ; gain = 390.953
WARNING: [filemgmt 56-315] Source scanning failed during design analysis. To get more details run synthesis or simulation and check the log.
WARNING: [filemgmt 56-315] Source scanning failed during design analysis. To get more details run synthesis or simulation and check the log.
update_compile_order -fileset sources_1
close [ open C:/JHU_Classes/RISC_V/riscv-cpu/RTL/CPUs/RISCVsinglecycleint/RISCVsinglecycleint.srcs/sources_1/new/csr_unit.v w ]
add_files C:/JHU_Classes/RISC_V/riscv-cpu/RTL/CPUs/RISCVsinglecycleint/RISCVsinglecycleint.srcs/sources_1/new/csr_unit.v
WARNING: [filemgmt 56-199] Attempt to get parsing info during refresh. "On-the-fly" syntax checking information may be incorrect. [C:\JHU_Classes\RISC_V\riscv-cpu\RTL\CPUs\RISCVsinglecycleint\RISCVsinglecycleint.srcs\sources_1\imports\fpgauser\cod_riscv_cpu\sccpu_intr.v:]
WARNING: [filemgmt 56-199] Attempt to get parsing info during refresh. "On-the-fly" syntax checking information may be incorrect. [C:\JHU_Classes\RISC_V\riscv-cpu\RTL\CPUs\RISCVsinglecycleint\RISCVsinglecycleint.srcs\sources_1\imports\fpgauser\cod_riscv_cpu\dff32.v:]
WARNING: [filemgmt 56-199] Attempt to get parsing info during refresh. "On-the-fly" syntax checking information may be incorrect. [C:\JHU_Classes\RISC_V\riscv-cpu\RTL\CPUs\RISCVsinglecycleint\RISCVsinglecycleint.srcs\sources_1\imports\fpgauser\cod_riscv_cpu\sc_cu_intr.v:]
WARNING: [filemgmt 56-199] Attempt to get parsing info during refresh. "On-the-fly" syntax checking information may be incorrect. [C:\JHU_Classes\RISC_V\riscv-cpu\RTL\CPUs\RISCVsinglecycleint\RISCVsinglecycleint.srcs\sources_1\imports\fpgauser\cod_riscv_cpu\dff32.v:]
WARNING: [filemgmt 56-199] Attempt to get parsing info during refresh. "On-the-fly" syntax checking information may be incorrect. [C:\JHU_Classes\RISC_V\riscv-cpu\RTL\CPUs\RISCVsinglecycleint\RISCVsinglecycleint.srcs\sources_1\imports\fpgauser\cod_riscv_cpu\dff32.v:]
WARNING: [filemgmt 56-199] Attempt to get parsing info during refresh. "On-the-fly" syntax checking information may be incorrect. [C:\JHU_Classes\RISC_V\riscv-cpu\RTL\CPUs\RISCVsinglecycleint\RISCVsinglecycleint.srcs\sources_1\imports\fpgauser\cod_riscv_cpu\sccpu_intr.v:]
WARNING: [filemgmt 56-199] Attempt to get parsing info during refresh. "On-the-fly" syntax checking information may be incorrect. [C:\JHU_Classes\RISC_V\riscv-cpu\RTL\CPUs\RISCVsinglecycleint\RISCVsinglecycleint.srcs\sources_1\imports\fpgauser\cod_riscv_cpu\dff32.v:]
WARNING: [filemgmt 56-199] Attempt to get parsing info during refresh. "On-the-fly" syntax checking information may be incorrect. [C:\JHU_Classes\RISC_V\riscv-cpu\RTL\CPUs\RISCVsinglecycleint\RISCVsinglecycleint.srcs\sources_1\imports\fpgauser\cod_riscv_cpu\sc_cu_intr.v:]
WARNING: [filemgmt 56-199] Attempt to get parsing info during refresh. "On-the-fly" syntax checking information may be incorrect. [C:\JHU_Classes\RISC_V\riscv-cpu\RTL\CPUs\RISCVsinglecycleint\RISCVsinglecycleint.srcs\sources_1\imports\fpgauser\cod_riscv_cpu\sc_cu_intr.v:]
WARNING: [filemgmt 56-199] Attempt to get parsing info during refresh. "On-the-fly" syntax checking information may be incorrect. [C:\JHU_Classes\RISC_V\riscv-cpu\RTL\CPUs\RISCVsinglecycleint\RISCVsinglecycleint.srcs\sources_1\imports\fpgauser\cod_riscv_cpu\sc_cu_intr.v:]
WARNING: [filemgmt 56-315] Source scanning failed during design analysis. To get more details run synthesis or simulation and check the log.
WARNING: [filemgmt 56-315] Source scanning failed during design analysis. To get more details run synthesis or simulation and check the log.
ERROR: [Common 17-180] Spawn failed: No error
update_compile_order -fileset sources_1
WARNING: [filemgmt 56-199] Attempt to get parsing info during refresh. "On-the-fly" syntax checking information may be incorrect. [C:\JHU_Classes\RISC_V\riscv-cpu\RTL\CPUs\RISCVsinglecycleint\RISCVsinglecycleint.srcs\sources_1\imports\fpgauser\cod_riscv_cpu\sccpu_intr.v:]
WARNING: [filemgmt 56-199] Attempt to get parsing info during refresh. "On-the-fly" syntax checking information may be incorrect. [C:\JHU_Classes\RISC_V\riscv-cpu\RTL\CPUs\RISCVsinglecycleint\RISCVsinglecycleint.srcs\sources_1\imports\fpgauser\cod_riscv_cpu\dff32.v:]
WARNING: [filemgmt 56-199] Attempt to get parsing info during refresh. "On-the-fly" syntax checking information may be incorrect. [C:\JHU_Classes\RISC_V\riscv-cpu\RTL\CPUs\RISCVsinglecycleint\RISCVsinglecycleint.srcs\sources_1\imports\fpgauser\cod_riscv_cpu\sc_cu_intr.v:]
WARNING: [filemgmt 56-199] Attempt to get parsing info during refresh. "On-the-fly" syntax checking information may be incorrect. [C:\JHU_Classes\RISC_V\riscv-cpu\RTL\CPUs\RISCVsinglecycleint\RISCVsinglecycleint.srcs\sources_1\imports\fpgauser\cod_riscv_cpu\dff32.v:]
WARNING: [filemgmt 56-199] Attempt to get parsing info during refresh. "On-the-fly" syntax checking information may be incorrect. [C:\JHU_Classes\RISC_V\riscv-cpu\RTL\CPUs\RISCVsinglecycleint\RISCVsinglecycleint.srcs\sources_1\imports\fpgauser\cod_riscv_cpu\dff32.v:]
WARNING: [filemgmt 56-199] Attempt to get parsing info during refresh. "On-the-fly" syntax checking information may be incorrect. [C:\JHU_Classes\RISC_V\riscv-cpu\RTL\CPUs\RISCVsinglecycleint\RISCVsinglecycleint.srcs\sources_1\imports\fpgauser\cod_riscv_cpu\sccpu_intr.v:]
WARNING: [filemgmt 56-199] Attempt to get parsing info during refresh. "On-the-fly" syntax checking information may be incorrect. [C:\JHU_Classes\RISC_V\riscv-cpu\RTL\CPUs\RISCVsinglecycleint\RISCVsinglecycleint.srcs\sources_1\imports\fpgauser\cod_riscv_cpu\dff32.v:]
WARNING: [filemgmt 56-199] Attempt to get parsing info during refresh. "On-the-fly" syntax checking information may be incorrect. [C:\JHU_Classes\RISC_V\riscv-cpu\RTL\CPUs\RISCVsinglecycleint\RISCVsinglecycleint.srcs\sources_1\imports\fpgauser\cod_riscv_cpu\sc_cu_intr.v:]
WARNING: [filemgmt 56-199] Attempt to get parsing info during refresh. "On-the-fly" syntax checking information may be incorrect. [C:\JHU_Classes\RISC_V\riscv-cpu\RTL\CPUs\RISCVsinglecycleint\RISCVsinglecycleint.srcs\sources_1\imports\fpgauser\cod_riscv_cpu\sc_cu_intr.v:]
WARNING: [filemgmt 56-199] Attempt to get parsing info during refresh. "On-the-fly" syntax checking information may be incorrect. [C:\JHU_Classes\RISC_V\riscv-cpu\RTL\CPUs\RISCVsinglecycleint\RISCVsinglecycleint.srcs\sources_1\imports\fpgauser\cod_riscv_cpu\sc_cu_intr.v:]
WARNING: [filemgmt 56-315] Source scanning failed during design analysis. To get more details run synthesis or simulation and check the log.
WARNING: [filemgmt 56-315] Source scanning failed during design analysis. To get more details run synthesis or simulation and check the log.
WARNING: [filemgmt 56-199] Attempt to get parsing info during refresh. "On-the-fly" syntax checking information may be incorrect. [C:\JHU_Classes\RISC_V\riscv-cpu\RTL\CPUs\RISCVsinglecycleint\RISCVsinglecycleint.srcs\sources_1\imports\fpgauser\cod_riscv_cpu\sccpu_intr.v:]
WARNING: [filemgmt 56-199] Attempt to get parsing info during refresh. "On-the-fly" syntax checking information may be incorrect. [C:\JHU_Classes\RISC_V\riscv-cpu\RTL\CPUs\RISCVsinglecycleint\RISCVsinglecycleint.srcs\sources_1\new\csr_unit.v:]
WARNING: [filemgmt 56-199] Attempt to get parsing info during refresh. "On-the-fly" syntax checking information may be incorrect. [C:\JHU_Classes\RISC_V\riscv-cpu\RTL\CPUs\RISCVsinglecycleint\RISCVsinglecycleint.srcs\sources_1\imports\fpgauser\cod_riscv_cpu\dff32.v:]
WARNING: [filemgmt 56-199] Attempt to get parsing info during refresh. "On-the-fly" syntax checking information may be incorrect. [C:\JHU_Classes\RISC_V\riscv-cpu\RTL\CPUs\RISCVsinglecycleint\RISCVsinglecycleint.srcs\sources_1\imports\fpgauser\cod_riscv_cpu\sc_cu_intr.v:]
WARNING: [filemgmt 56-199] Attempt to get parsing info during refresh. "On-the-fly" syntax checking information may be incorrect. [C:\JHU_Classes\RISC_V\riscv-cpu\RTL\CPUs\RISCVsinglecycleint\RISCVsinglecycleint.srcs\sources_1\imports\fpgauser\cod_riscv_cpu\sccpu_intr.v:]
WARNING: [filemgmt 56-199] Attempt to get parsing info during refresh. "On-the-fly" syntax checking information may be incorrect. [C:\JHU_Classes\RISC_V\riscv-cpu\RTL\CPUs\RISCVsinglecycleint\RISCVsinglecycleint.srcs\sources_1\imports\fpgauser\cod_riscv_cpu\sccpu_intr.v:]
WARNING: [filemgmt 56-199] Attempt to get parsing info during refresh. "On-the-fly" syntax checking information may be incorrect. [C:\JHU_Classes\RISC_V\riscv-cpu\RTL\CPUs\RISCVsinglecycleint\RISCVsinglecycleint.srcs\sources_1\imports\fpgauser\cod_riscv_cpu\sccpu_intr.v:]
WARNING: [filemgmt 56-199] Attempt to get parsing info during refresh. "On-the-fly" syntax checking information may be incorrect. [C:\JHU_Classes\RISC_V\riscv-cpu\RTL\CPUs\RISCVsinglecycleint\RISCVsinglecycleint.srcs\sources_1\new\csr_unit.v:]
WARNING: [filemgmt 56-199] Attempt to get parsing info during refresh. "On-the-fly" syntax checking information may be incorrect. [C:\JHU_Classes\RISC_V\riscv-cpu\RTL\CPUs\RISCVsinglecycleint\RISCVsinglecycleint.srcs\sources_1\imports\fpgauser\cod_riscv_cpu\dff32.v:]
WARNING: [filemgmt 56-199] Attempt to get parsing info during refresh. "On-the-fly" syntax checking information may be incorrect. [C:\JHU_Classes\RISC_V\riscv-cpu\RTL\CPUs\RISCVsinglecycleint\RISCVsinglecycleint.srcs\sources_1\imports\fpgauser\cod_riscv_cpu\sc_cu_intr.v:]
WARNING: [filemgmt 56-199] Attempt to get parsing info during refresh. "On-the-fly" syntax checking information may be incorrect. [C:\JHU_Classes\RISC_V\riscv-cpu\RTL\CPUs\RISCVsinglecycleint\RISCVsinglecycleint.srcs\sources_1\new\csr_unit.v:]
WARNING: [filemgmt 56-199] Attempt to get parsing info during refresh. "On-the-fly" syntax checking information may be incorrect. [C:\JHU_Classes\RISC_V\riscv-cpu\RTL\CPUs\RISCVsinglecycleint\RISCVsinglecycleint.srcs\sources_1\new\csr_unit.v:]
ERROR: [Common 17-180] Spawn failed: No error
ERROR: [Common 17-180] Spawn failed: No error
WARNING: [filemgmt 56-315] Source scanning failed during design analysis. To get more details run synthesis or simulation and check the log.
WARNING: [filemgmt 56-315] Source scanning failed during design analysis. To get more details run synthesis or simulation and check the log.
WARNING: [filemgmt 56-199] Attempt to get parsing info during refresh. "On-the-fly" syntax checking information may be incorrect. [C:\JHU_Classes\RISC_V\riscv-cpu\RTL\CPUs\RISCVsinglecycleint\RISCVsinglecycleint.srcs\sources_1\imports\fpgauser\cod_riscv_cpu\sccpu_intr.v:]
WARNING: [filemgmt 56-199] Attempt to get parsing info during refresh. "On-the-fly" syntax checking information may be incorrect. [C:\JHU_Classes\RISC_V\riscv-cpu\RTL\CPUs\RISCVsinglecycleint\RISCVsinglecycleint.srcs\sources_1\new\csr_unit.v:]
WARNING: [filemgmt 56-199] Attempt to get parsing info during refresh. "On-the-fly" syntax checking information may be incorrect. [C:\JHU_Classes\RISC_V\riscv-cpu\RTL\CPUs\RISCVsinglecycleint\RISCVsinglecycleint.srcs\sources_1\imports\fpgauser\cod_riscv_cpu\dff32.v:]
WARNING: [filemgmt 56-199] Attempt to get parsing info during refresh. "On-the-fly" syntax checking information may be incorrect. [C:\JHU_Classes\RISC_V\riscv-cpu\RTL\CPUs\RISCVsinglecycleint\RISCVsinglecycleint.srcs\sources_1\imports\fpgauser\cod_riscv_cpu\sc_cu_intr.v:]
WARNING: [filemgmt 56-199] Attempt to get parsing info during refresh. "On-the-fly" syntax checking information may be incorrect. [C:\JHU_Classes\RISC_V\riscv-cpu\RTL\CPUs\RISCVsinglecycleint\RISCVsinglecycleint.srcs\sources_1\imports\fpgauser\cod_riscv_cpu\sc_cu_intr.v:]
WARNING: [filemgmt 56-199] Attempt to get parsing info during refresh. "On-the-fly" syntax checking information may be incorrect. [C:\JHU_Classes\RISC_V\riscv-cpu\RTL\CPUs\RISCVsinglecycleint\RISCVsinglecycleint.srcs\sources_1\imports\fpgauser\cod_riscv_cpu\sc_cu_intr.v:]
WARNING: [filemgmt 56-199] Attempt to get parsing info during refresh. "On-the-fly" syntax checking information may be incorrect. [C:\JHU_Classes\RISC_V\riscv-cpu\RTL\CPUs\RISCVsinglecycleint\RISCVsinglecycleint.srcs\sources_1\imports\fpgauser\cod_riscv_cpu\sccpu_intr.v:]
WARNING: [filemgmt 56-199] Attempt to get parsing info during refresh. "On-the-fly" syntax checking information may be incorrect. [C:\JHU_Classes\RISC_V\riscv-cpu\RTL\CPUs\RISCVsinglecycleint\RISCVsinglecycleint.srcs\sources_1\new\csr_unit.v:]
WARNING: [filemgmt 56-199] Attempt to get parsing info during refresh. "On-the-fly" syntax checking information may be incorrect. [C:\JHU_Classes\RISC_V\riscv-cpu\RTL\CPUs\RISCVsinglecycleint\RISCVsinglecycleint.srcs\sources_1\imports\fpgauser\cod_riscv_cpu\dff32.v:]
WARNING: [filemgmt 56-199] Attempt to get parsing info during refresh. "On-the-fly" syntax checking information may be incorrect. [C:\JHU_Classes\RISC_V\riscv-cpu\RTL\CPUs\RISCVsinglecycleint\RISCVsinglecycleint.srcs\sources_1\imports\fpgauser\cod_riscv_cpu\sc_cu_intr.v:]
WARNING: [filemgmt 56-199] Attempt to get parsing info during refresh. "On-the-fly" syntax checking information may be incorrect. [C:\JHU_Classes\RISC_V\riscv-cpu\RTL\CPUs\RISCVsinglecycleint\RISCVsinglecycleint.srcs\sources_1\new\csr_unit.v:]
WARNING: [filemgmt 56-199] Attempt to get parsing info during refresh. "On-the-fly" syntax checking information may be incorrect. [C:\JHU_Classes\RISC_V\riscv-cpu\RTL\CPUs\RISCVsinglecycleint\RISCVsinglecycleint.srcs\sources_1\new\csr_unit.v:]
ERROR: [Common 17-180] Spawn failed: No error
WARNING: [filemgmt 56-199] Attempt to get parsing info during refresh. "On-the-fly" syntax checking information may be incorrect. [C:\JHU_Classes\RISC_V\riscv-cpu\RTL\CPUs\RISCVsinglecycleint\RISCVsinglecycleint.srcs\sources_1\imports\fpgauser\cod_riscv_cpu\sccpu_intr.v:]
WARNING: [filemgmt 56-199] Attempt to get parsing info during refresh. "On-the-fly" syntax checking information may be incorrect. [C:\JHU_Classes\RISC_V\riscv-cpu\RTL\CPUs\RISCVsinglecycleint\RISCVsinglecycleint.srcs\sources_1\new\csr_unit.v:]
WARNING: [filemgmt 56-199] Attempt to get parsing info during refresh. "On-the-fly" syntax checking information may be incorrect. [C:\JHU_Classes\RISC_V\riscv-cpu\RTL\CPUs\RISCVsinglecycleint\RISCVsinglecycleint.srcs\sources_1\imports\fpgauser\cod_riscv_cpu\dff32.v:]
WARNING: [filemgmt 56-199] Attempt to get parsing info during refresh. "On-the-fly" syntax checking information may be incorrect. [C:\JHU_Classes\RISC_V\riscv-cpu\RTL\CPUs\RISCVsinglecycleint\RISCVsinglecycleint.srcs\sources_1\imports\fpgauser\cod_riscv_cpu\sc_cu_intr.v:]
WARNING: [filemgmt 56-199] Attempt to get parsing info during refresh. "On-the-fly" syntax checking information may be incorrect. [C:\JHU_Classes\RISC_V\riscv-cpu\RTL\CPUs\RISCVsinglecycleint\RISCVsinglecycleint.srcs\sources_1\imports\fpgauser\cod_riscv_cpu\sccpu_intr.v:]
WARNING: [filemgmt 56-199] Attempt to get parsing info during refresh. "On-the-fly" syntax checking information may be incorrect. [C:\JHU_Classes\RISC_V\riscv-cpu\RTL\CPUs\RISCVsinglecycleint\RISCVsinglecycleint.srcs\sources_1\imports\fpgauser\cod_riscv_cpu\sccpu_intr.v:]
ERROR: [Common 17-180] Spawn failed: No error
WARNING: [filemgmt 56-315] Source scanning failed during design analysis. To get more details run synthesis or simulation and check the log.
WARNING: [filemgmt 56-315] Source scanning failed during design analysis. To get more details run synthesis or simulation and check the log.
WARNING: [filemgmt 56-199] Attempt to get parsing info during refresh. "On-the-fly" syntax checking information may be incorrect. [C:\JHU_Classes\RISC_V\riscv-cpu\RTL\CPUs\RISCVsinglecycleint\RISCVsinglecycleint.srcs\sources_1\imports\fpgauser\cod_riscv_cpu\sccpu_intr.v:]
WARNING: [filemgmt 56-199] Attempt to get parsing info during refresh. "On-the-fly" syntax checking information may be incorrect. [C:\JHU_Classes\RISC_V\riscv-cpu\RTL\CPUs\RISCVsinglecycleint\RISCVsinglecycleint.srcs\sources_1\new\csr_unit.v:]
WARNING: [filemgmt 56-199] Attempt to get parsing info during refresh. "On-the-fly" syntax checking information may be incorrect. [C:\JHU_Classes\RISC_V\riscv-cpu\RTL\CPUs\RISCVsinglecycleint\RISCVsinglecycleint.srcs\sources_1\imports\fpgauser\cod_riscv_cpu\dff32.v:]
WARNING: [filemgmt 56-199] Attempt to get parsing info during refresh. "On-the-fly" syntax checking information may be incorrect. [C:\JHU_Classes\RISC_V\riscv-cpu\RTL\CPUs\RISCVsinglecycleint\RISCVsinglecycleint.srcs\sources_1\imports\fpgauser\cod_riscv_cpu\sc_cu_intr.v:]
WARNING: [filemgmt 56-199] Attempt to get parsing info during refresh. "On-the-fly" syntax checking information may be incorrect. [C:\JHU_Classes\RISC_V\riscv-cpu\RTL\CPUs\RISCVsinglecycleint\RISCVsinglecycleint.srcs\sources_1\imports\fpgauser\cod_riscv_cpu\sc_cu_intr.v:]
WARNING: [filemgmt 56-199] Attempt to get parsing info during refresh. "On-the-fly" syntax checking information may be incorrect. [C:\JHU_Classes\RISC_V\riscv-cpu\RTL\CPUs\RISCVsinglecycleint\RISCVsinglecycleint.srcs\sources_1\imports\fpgauser\cod_riscv_cpu\sc_cu_intr.v:]
WARNING: [filemgmt 56-199] Attempt to get parsing info during refresh. "On-the-fly" syntax checking information may be incorrect. [C:\JHU_Classes\RISC_V\riscv-cpu\RTL\CPUs\RISCVsinglecycleint\RISCVsinglecycleint.srcs\sources_1\imports\fpgauser\cod_riscv_cpu\sccpu_intr.v:]
WARNING: [filemgmt 56-199] Attempt to get parsing info during refresh. "On-the-fly" syntax checking information may be incorrect. [C:\JHU_Classes\RISC_V\riscv-cpu\RTL\CPUs\RISCVsinglecycleint\RISCVsinglecycleint.srcs\sources_1\new\csr_unit.v:]
WARNING: [filemgmt 56-199] Attempt to get parsing info during refresh. "On-the-fly" syntax checking information may be incorrect. [C:\JHU_Classes\RISC_V\riscv-cpu\RTL\CPUs\RISCVsinglecycleint\RISCVsinglecycleint.srcs\sources_1\imports\fpgauser\cod_riscv_cpu\dff32.v:]
WARNING: [filemgmt 56-199] Attempt to get parsing info during refresh. "On-the-fly" syntax checking information may be incorrect. [C:\JHU_Classes\RISC_V\riscv-cpu\RTL\CPUs\RISCVsinglecycleint\RISCVsinglecycleint.srcs\sources_1\imports\fpgauser\cod_riscv_cpu\sc_cu_intr.v:]
WARNING: [filemgmt 56-199] Attempt to get parsing info during refresh. "On-the-fly" syntax checking information may be incorrect. [C:\JHU_Classes\RISC_V\riscv-cpu\RTL\CPUs\RISCVsinglecycleint\RISCVsinglecycleint.srcs\sources_1\new\csr_unit.v:]
WARNING: [filemgmt 56-199] Attempt to get parsing info during refresh. "On-the-fly" syntax checking information may be incorrect. [C:\JHU_Classes\RISC_V\riscv-cpu\RTL\CPUs\RISCVsinglecycleint\RISCVsinglecycleint.srcs\sources_1\new\csr_unit.v:]
ERROR: [Common 17-180] Spawn failed: No error
WARNING: [filemgmt 56-199] Attempt to get parsing info during refresh. "On-the-fly" syntax checking information may be incorrect. [C:\JHU_Classes\RISC_V\riscv-cpu\RTL\CPUs\RISCVsinglecycleint\RISCVsinglecycleint.srcs\sources_1\imports\fpgauser\cod_riscv_cpu\sccpu_intr.v:]
WARNING: [filemgmt 56-199] Attempt to get parsing info during refresh. "On-the-fly" syntax checking information may be incorrect. [C:\JHU_Classes\RISC_V\riscv-cpu\RTL\CPUs\RISCVsinglecycleint\RISCVsinglecycleint.srcs\sources_1\new\csr_unit.v:]
WARNING: [filemgmt 56-199] Attempt to get parsing info during refresh. "On-the-fly" syntax checking information may be incorrect. [C:\JHU_Classes\RISC_V\riscv-cpu\RTL\CPUs\RISCVsinglecycleint\RISCVsinglecycleint.srcs\sources_1\imports\fpgauser\cod_riscv_cpu\dff32.v:]
WARNING: [filemgmt 56-199] Attempt to get parsing info during refresh. "On-the-fly" syntax checking information may be incorrect. [C:\JHU_Classes\RISC_V\riscv-cpu\RTL\CPUs\RISCVsinglecycleint\RISCVsinglecycleint.srcs\sources_1\imports\fpgauser\cod_riscv_cpu\sc_cu_intr.v:]
WARNING: [filemgmt 56-199] Attempt to get parsing info during refresh. "On-the-fly" syntax checking information may be incorrect. [C:\JHU_Classes\RISC_V\riscv-cpu\RTL\CPUs\RISCVsinglecycleint\RISCVsinglecycleint.srcs\sources_1\imports\fpgauser\cod_riscv_cpu\sccpu_intr.v:]
WARNING: [filemgmt 56-199] Attempt to get parsing info during refresh. "On-the-fly" syntax checking information may be incorrect. [C:\JHU_Classes\RISC_V\riscv-cpu\RTL\CPUs\RISCVsinglecycleint\RISCVsinglecycleint.srcs\sources_1\imports\fpgauser\cod_riscv_cpu\sccpu_intr.v:]
ERROR: [Common 17-180] Spawn failed: No error
WARNING: [filemgmt 56-315] Source scanning failed during design analysis. To get more details run synthesis or simulation and check the log.
WARNING: [filemgmt 56-315] Source scanning failed during design analysis. To get more details run synthesis or simulation and check the log.
WARNING: [filemgmt 56-199] Attempt to get parsing info during refresh. "On-the-fly" syntax checking information may be incorrect. [C:\JHU_Classes\RISC_V\riscv-cpu\RTL\CPUs\RISCVsinglecycleint\RISCVsinglecycleint.srcs\sources_1\imports\fpgauser\cod_riscv_cpu\sccpu_intr.v:]
WARNING: [filemgmt 56-199] Attempt to get parsing info during refresh. "On-the-fly" syntax checking information may be incorrect. [C:\JHU_Classes\RISC_V\riscv-cpu\RTL\CPUs\RISCVsinglecycleint\RISCVsinglecycleint.srcs\sources_1\new\csr_unit.v:]
WARNING: [filemgmt 56-199] Attempt to get parsing info during refresh. "On-the-fly" syntax checking information may be incorrect. [C:\JHU_Classes\RISC_V\riscv-cpu\RTL\CPUs\RISCVsinglecycleint\RISCVsinglecycleint.srcs\sources_1\imports\fpgauser\cod_riscv_cpu\dff32.v:]
WARNING: [filemgmt 56-199] Attempt to get parsing info during refresh. "On-the-fly" syntax checking information may be incorrect. [C:\JHU_Classes\RISC_V\riscv-cpu\RTL\CPUs\RISCVsinglecycleint\RISCVsinglecycleint.srcs\sources_1\imports\fpgauser\cod_riscv_cpu\sc_cu_intr.v:]
WARNING: [filemgmt 56-199] Attempt to get parsing info during refresh. "On-the-fly" syntax checking information may be incorrect. [C:\JHU_Classes\RISC_V\riscv-cpu\RTL\CPUs\RISCVsinglecycleint\RISCVsinglecycleint.srcs\sources_1\imports\fpgauser\cod_riscv_cpu\sc_cu_intr.v:]
WARNING: [filemgmt 56-199] Attempt to get parsing info during refresh. "On-the-fly" syntax checking information may be incorrect. [C:\JHU_Classes\RISC_V\riscv-cpu\RTL\CPUs\RISCVsinglecycleint\RISCVsinglecycleint.srcs\sources_1\imports\fpgauser\cod_riscv_cpu\sc_cu_intr.v:]
WARNING: [filemgmt 56-199] Attempt to get parsing info during refresh. "On-the-fly" syntax checking information may be incorrect. [C:\JHU_Classes\RISC_V\riscv-cpu\RTL\CPUs\RISCVsinglecycleint\RISCVsinglecycleint.srcs\sources_1\imports\fpgauser\cod_riscv_cpu\sccpu_intr.v:]
WARNING: [filemgmt 56-199] Attempt to get parsing info during refresh. "On-the-fly" syntax checking information may be incorrect. [C:\JHU_Classes\RISC_V\riscv-cpu\RTL\CPUs\RISCVsinglecycleint\RISCVsinglecycleint.srcs\sources_1\new\csr_unit.v:]
WARNING: [filemgmt 56-199] Attempt to get parsing info during refresh. "On-the-fly" syntax checking information may be incorrect. [C:\JHU_Classes\RISC_V\riscv-cpu\RTL\CPUs\RISCVsinglecycleint\RISCVsinglecycleint.srcs\sources_1\imports\fpgauser\cod_riscv_cpu\dff32.v:]
WARNING: [filemgmt 56-199] Attempt to get parsing info during refresh. "On-the-fly" syntax checking information may be incorrect. [C:\JHU_Classes\RISC_V\riscv-cpu\RTL\CPUs\RISCVsinglecycleint\RISCVsinglecycleint.srcs\sources_1\imports\fpgauser\cod_riscv_cpu\sc_cu_intr.v:]
WARNING: [filemgmt 56-199] Attempt to get parsing info during refresh. "On-the-fly" syntax checking information may be incorrect. [C:\JHU_Classes\RISC_V\riscv-cpu\RTL\CPUs\RISCVsinglecycleint\RISCVsinglecycleint.srcs\sources_1\new\csr_unit.v:]
WARNING: [filemgmt 56-199] Attempt to get parsing info during refresh. "On-the-fly" syntax checking information may be incorrect. [C:\JHU_Classes\RISC_V\riscv-cpu\RTL\CPUs\RISCVsinglecycleint\RISCVsinglecycleint.srcs\sources_1\new\csr_unit.v:]
ERROR: [Common 17-180] Spawn failed: No error
WARNING: [filemgmt 56-199] Attempt to get parsing info during refresh. "On-the-fly" syntax checking information may be incorrect. [C:\JHU_Classes\RISC_V\riscv-cpu\RTL\CPUs\RISCVsinglecycleint\RISCVsinglecycleint.srcs\sources_1\imports\fpgauser\cod_riscv_cpu\sccpu_intr.v:]
WARNING: [filemgmt 56-199] Attempt to get parsing info during refresh. "On-the-fly" syntax checking information may be incorrect. [C:\JHU_Classes\RISC_V\riscv-cpu\RTL\CPUs\RISCVsinglecycleint\RISCVsinglecycleint.srcs\sources_1\new\csr_unit.v:]
WARNING: [filemgmt 56-199] Attempt to get parsing info during refresh. "On-the-fly" syntax checking information may be incorrect. [C:\JHU_Classes\RISC_V\riscv-cpu\RTL\CPUs\RISCVsinglecycleint\RISCVsinglecycleint.srcs\sources_1\imports\fpgauser\cod_riscv_cpu\dff32.v:]
WARNING: [filemgmt 56-199] Attempt to get parsing info during refresh. "On-the-fly" syntax checking information may be incorrect. [C:\JHU_Classes\RISC_V\riscv-cpu\RTL\CPUs\RISCVsinglecycleint\RISCVsinglecycleint.srcs\sources_1\imports\fpgauser\cod_riscv_cpu\sc_cu_intr.v:]
WARNING: [filemgmt 56-199] Attempt to get parsing info during refresh. "On-the-fly" syntax checking information may be incorrect. [C:\JHU_Classes\RISC_V\riscv-cpu\RTL\CPUs\RISCVsinglecycleint\RISCVsinglecycleint.srcs\sources_1\imports\fpgauser\cod_riscv_cpu\sccpu_intr.v:]
WARNING: [filemgmt 56-199] Attempt to get parsing info during refresh. "On-the-fly" syntax checking information may be incorrect. [C:\JHU_Classes\RISC_V\riscv-cpu\RTL\CPUs\RISCVsinglecycleint\RISCVsinglecycleint.srcs\sources_1\imports\fpgauser\cod_riscv_cpu\sccpu_intr.v:]
ERROR: [Common 17-180] Spawn failed: No error
WARNING: [filemgmt 56-199] Attempt to get parsing info during refresh. "On-the-fly" syntax checking information may be incorrect. [C:\JHU_Classes\RISC_V\riscv-cpu\RTL\CPUs\RISCVsinglecycleint\RISCVsinglecycleint.srcs\sources_1\imports\fpgauser\cod_riscv_cpu\sccpu_intr.v:]
WARNING: [filemgmt 56-199] Attempt to get parsing info during refresh. "On-the-fly" syntax checking information may be incorrect. [C:\JHU_Classes\RISC_V\riscv-cpu\RTL\CPUs\RISCVsinglecycleint\RISCVsinglecycleint.srcs\sources_1\new\csr_unit.v:]
WARNING: [filemgmt 56-199] Attempt to get parsing info during refresh. "On-the-fly" syntax checking information may be incorrect. [C:\JHU_Classes\RISC_V\riscv-cpu\RTL\CPUs\RISCVsinglecycleint\RISCVsinglecycleint.srcs\sources_1\imports\fpgauser\cod_riscv_cpu\dff32.v:]
WARNING: [filemgmt 56-199] Attempt to get parsing info during refresh. "On-the-fly" syntax checking information may be incorrect. [C:\JHU_Classes\RISC_V\riscv-cpu\RTL\CPUs\RISCVsinglecycleint\RISCVsinglecycleint.srcs\sources_1\imports\fpgauser\cod_riscv_cpu\sc_cu_intr.v:]
WARNING: [filemgmt 56-199] Attempt to get parsing info during refresh. "On-the-fly" syntax checking information may be incorrect. [C:\JHU_Classes\RISC_V\riscv-cpu\RTL\CPUs\RISCVsinglecycleint\RISCVsinglecycleint.srcs\sources_1\imports\fpgauser\cod_riscv_cpu\sc_cu_intr.v:]
WARNING: [filemgmt 56-199] Attempt to get parsing info during refresh. "On-the-fly" syntax checking information may be incorrect. [C:\JHU_Classes\RISC_V\riscv-cpu\RTL\CPUs\RISCVsinglecycleint\RISCVsinglecycleint.srcs\sources_1\imports\fpgauser\cod_riscv_cpu\sc_cu_intr.v:]
WARNING: [filemgmt 56-199] Attempt to get parsing info during refresh. "On-the-fly" syntax checking information may be incorrect. [C:\JHU_Classes\RISC_V\riscv-cpu\RTL\CPUs\RISCVsinglecycleint\RISCVsinglecycleint.srcs\sources_1\imports\fpgauser\cod_riscv_cpu\sccpu_intr.v:]
WARNING: [filemgmt 56-199] Attempt to get parsing info during refresh. "On-the-fly" syntax checking information may be incorrect. [C:\JHU_Classes\RISC_V\riscv-cpu\RTL\CPUs\RISCVsinglecycleint\RISCVsinglecycleint.srcs\sources_1\new\csr_unit.v:]
WARNING: [filemgmt 56-199] Attempt to get parsing info during refresh. "On-the-fly" syntax checking information may be incorrect. [C:\JHU_Classes\RISC_V\riscv-cpu\RTL\CPUs\RISCVsinglecycleint\RISCVsinglecycleint.srcs\sources_1\imports\fpgauser\cod_riscv_cpu\dff32.v:]
WARNING: [filemgmt 56-199] Attempt to get parsing info during refresh. "On-the-fly" syntax checking information may be incorrect. [C:\JHU_Classes\RISC_V\riscv-cpu\RTL\CPUs\RISCVsinglecycleint\RISCVsinglecycleint.srcs\sources_1\imports\fpgauser\cod_riscv_cpu\sc_cu_intr.v:]
WARNING: [filemgmt 56-199] Attempt to get parsing info during refresh. "On-the-fly" syntax checking information may be incorrect. [C:\JHU_Classes\RISC_V\riscv-cpu\RTL\CPUs\RISCVsinglecycleint\RISCVsinglecycleint.srcs\sources_1\new\csr_unit.v:]
WARNING: [filemgmt 56-199] Attempt to get parsing info during refresh. "On-the-fly" syntax checking information may be incorrect. [C:\JHU_Classes\RISC_V\riscv-cpu\RTL\CPUs\RISCVsinglecycleint\RISCVsinglecycleint.srcs\sources_1\new\csr_unit.v:]
ERROR: [Common 17-180] Spawn failed: No error
WARNING: [filemgmt 56-199] Attempt to get parsing info during refresh. "On-the-fly" syntax checking information may be incorrect. [C:\JHU_Classes\RISC_V\riscv-cpu\RTL\CPUs\RISCVsinglecycleint\RISCVsinglecycleint.srcs\sources_1\imports\fpgauser\cod_riscv_cpu\sccpu_intr.v:]
WARNING: [filemgmt 56-199] Attempt to get parsing info during refresh. "On-the-fly" syntax checking information may be incorrect. [C:\JHU_Classes\RISC_V\riscv-cpu\RTL\CPUs\RISCVsinglecycleint\RISCVsinglecycleint.srcs\sources_1\new\csr_unit.v:]
WARNING: [filemgmt 56-199] Attempt to get parsing info during refresh. "On-the-fly" syntax checking information may be incorrect. [C:\JHU_Classes\RISC_V\riscv-cpu\RTL\CPUs\RISCVsinglecycleint\RISCVsinglecycleint.srcs\sources_1\imports\fpgauser\cod_riscv_cpu\dff32.v:]
WARNING: [filemgmt 56-199] Attempt to get parsing info during refresh. "On-the-fly" syntax checking information may be incorrect. [C:\JHU_Classes\RISC_V\riscv-cpu\RTL\CPUs\RISCVsinglecycleint\RISCVsinglecycleint.srcs\sources_1\imports\fpgauser\cod_riscv_cpu\sc_cu_intr.v:]
WARNING: [filemgmt 56-199] Attempt to get parsing info during refresh. "On-the-fly" syntax checking information may be incorrect. [C:\JHU_Classes\RISC_V\riscv-cpu\RTL\CPUs\RISCVsinglecycleint\RISCVsinglecycleint.srcs\sources_1\imports\fpgauser\cod_riscv_cpu\sccpu_intr.v:]
WARNING: [filemgmt 56-199] Attempt to get parsing info during refresh. "On-the-fly" syntax checking information may be incorrect. [C:\JHU_Classes\RISC_V\riscv-cpu\RTL\CPUs\RISCVsinglecycleint\RISCVsinglecycleint.srcs\sources_1\imports\fpgauser\cod_riscv_cpu\sccpu_intr.v:]
ERROR: [Common 17-180] Spawn failed: No error
WARNING: [filemgmt 56-199] Attempt to get parsing info during refresh. "On-the-fly" syntax checking information may be incorrect. [C:\JHU_Classes\RISC_V\riscv-cpu\RTL\CPUs\RISCVsinglecycleint\RISCVsinglecycleint.srcs\sources_1\imports\fpgauser\cod_riscv_cpu\sccpu_intr.v:]
WARNING: [filemgmt 56-199] Attempt to get parsing info during refresh. "On-the-fly" syntax checking information may be incorrect. [C:\JHU_Classes\RISC_V\riscv-cpu\RTL\CPUs\RISCVsinglecycleint\RISCVsinglecycleint.srcs\sources_1\new\csr_unit.v:]
WARNING: [filemgmt 56-199] Attempt to get parsing info during refresh. "On-the-fly" syntax checking information may be incorrect. [C:\JHU_Classes\RISC_V\riscv-cpu\RTL\CPUs\RISCVsinglecycleint\RISCVsinglecycleint.srcs\sources_1\imports\fpgauser\cod_riscv_cpu\dff32.v:]
WARNING: [filemgmt 56-199] Attempt to get parsing info during refresh. "On-the-fly" syntax checking information may be incorrect. [C:\JHU_Classes\RISC_V\riscv-cpu\RTL\CPUs\RISCVsinglecycleint\RISCVsinglecycleint.srcs\sources_1\imports\fpgauser\cod_riscv_cpu\sc_cu_intr.v:]
WARNING: [filemgmt 56-199] Attempt to get parsing info during refresh. "On-the-fly" syntax checking information may be incorrect. [C:\JHU_Classes\RISC_V\riscv-cpu\RTL\CPUs\RISCVsinglecycleint\RISCVsinglecycleint.srcs\sources_1\imports\fpgauser\cod_riscv_cpu\sc_cu_intr.v:]
WARNING: [filemgmt 56-199] Attempt to get parsing info during refresh. "On-the-fly" syntax checking information may be incorrect. [C:\JHU_Classes\RISC_V\riscv-cpu\RTL\CPUs\RISCVsinglecycleint\RISCVsinglecycleint.srcs\sources_1\imports\fpgauser\cod_riscv_cpu\sc_cu_intr.v:]
WARNING: [filemgmt 56-199] Attempt to get parsing info during refresh. "On-the-fly" syntax checking information may be incorrect. [C:\JHU_Classes\RISC_V\riscv-cpu\RTL\CPUs\RISCVsinglecycleint\RISCVsinglecycleint.srcs\sources_1\imports\fpgauser\cod_riscv_cpu\sccpu_intr.v:]
WARNING: [filemgmt 56-199] Attempt to get parsing info during refresh. "On-the-fly" syntax checking information may be incorrect. [C:\JHU_Classes\RISC_V\riscv-cpu\RTL\CPUs\RISCVsinglecycleint\RISCVsinglecycleint.srcs\sources_1\new\csr_unit.v:]
WARNING: [filemgmt 56-199] Attempt to get parsing info during refresh. "On-the-fly" syntax checking information may be incorrect. [C:\JHU_Classes\RISC_V\riscv-cpu\RTL\CPUs\RISCVsinglecycleint\RISCVsinglecycleint.srcs\sources_1\imports\fpgauser\cod_riscv_cpu\dff32.v:]
WARNING: [filemgmt 56-199] Attempt to get parsing info during refresh. "On-the-fly" syntax checking information may be incorrect. [C:\JHU_Classes\RISC_V\riscv-cpu\RTL\CPUs\RISCVsinglecycleint\RISCVsinglecycleint.srcs\sources_1\imports\fpgauser\cod_riscv_cpu\sc_cu_intr.v:]
WARNING: [filemgmt 56-199] Attempt to get parsing info during refresh. "On-the-fly" syntax checking information may be incorrect. [C:\JHU_Classes\RISC_V\riscv-cpu\RTL\CPUs\RISCVsinglecycleint\RISCVsinglecycleint.srcs\sources_1\imports\fpgauser\cod_riscv_cpu\dff32.v:]
WARNING: [filemgmt 56-199] Attempt to get parsing info during refresh. "On-the-fly" syntax checking information may be incorrect. [C:\JHU_Classes\RISC_V\riscv-cpu\RTL\CPUs\RISCVsinglecycleint\RISCVsinglecycleint.srcs\sources_1\imports\fpgauser\cod_riscv_cpu\dff32.v:]
ERROR: [Common 17-180] Spawn failed: No error
WARNING: [filemgmt 56-199] Attempt to get parsing info during refresh. "On-the-fly" syntax checking information may be incorrect. [C:\JHU_Classes\RISC_V\riscv-cpu\RTL\CPUs\RISCVsinglecycleint\RISCVsinglecycleint.srcs\sources_1\imports\fpgauser\cod_riscv_cpu\sccpu_intr.v:]
WARNING: [filemgmt 56-199] Attempt to get parsing info during refresh. "On-the-fly" syntax checking information may be incorrect. [C:\JHU_Classes\RISC_V\riscv-cpu\RTL\CPUs\RISCVsinglecycleint\RISCVsinglecycleint.srcs\sources_1\new\csr_unit.v:]
WARNING: [filemgmt 56-199] Attempt to get parsing info during refresh. "On-the-fly" syntax checking information may be incorrect. [C:\JHU_Classes\RISC_V\riscv-cpu\RTL\CPUs\RISCVsinglecycleint\RISCVsinglecycleint.srcs\sources_1\imports\fpgauser\cod_riscv_cpu\dff32.v:]
WARNING: [filemgmt 56-199] Attempt to get parsing info during refresh. "On-the-fly" syntax checking information may be incorrect. [C:\JHU_Classes\RISC_V\riscv-cpu\RTL\CPUs\RISCVsinglecycleint\RISCVsinglecycleint.srcs\sources_1\imports\fpgauser\cod_riscv_cpu\sc_cu_intr.v:]
WARNING: [filemgmt 56-199] Attempt to get parsing info during refresh. "On-the-fly" syntax checking information may be incorrect. [C:\JHU_Classes\RISC_V\riscv-cpu\RTL\CPUs\RISCVsinglecycleint\RISCVsinglecycleint.srcs\sources_1\imports\fpgauser\cod_riscv_cpu\sccpu_intr.v:]
WARNING: [filemgmt 56-199] Attempt to get parsing info during refresh. "On-the-fly" syntax checking information may be incorrect. [C:\JHU_Classes\RISC_V\riscv-cpu\RTL\CPUs\RISCVsinglecycleint\RISCVsinglecycleint.srcs\sources_1\imports\fpgauser\cod_riscv_cpu\sccpu_intr.v:]
ERROR: [Common 17-180] Spawn failed: No error
exit
INFO: [Common 17-206] Exiting Vivado at Sun Jul 27 03:55:55 2025...
