Vivado Simulator v2024.2.0
Copyright 1986-2022 Xilinx, Inc. All Rights Reserved.
Copyright 2022-2024 Advanced Micro Devices, Inc. All Rights Reserved.
Running: C:/Xilinx/Vivado/2024.2/bin/unwrapped/win64.o/xelab.exe --incr --debug typical --relax --mt 2 -L xil_defaultlib -L unisims_ver -L unimacro_ver -L secureip -L xpm --snapshot sc_computer_tb_behav xil_defaultlib.sc_computer_tb xil_defaultlib.glbl -log elaborate.log 
Using 2 slave threads.
Starting static elaboration
Pass Through NonSizing Optimizer
Completed static elaboration
Starting simulation data flow analysis
Completed simulation data flow analysis
Time Resolution for simulation is 1ps
Compiling module xil_defaultlib.sc_cu
Compiling module xil_defaultlib.dffe32
Compiling module xil_defaultlib.pc4
Compiling module xil_defaultlib.mux2x32
Compiling module xil_defaultlib.mux4x32
Compiling module xil_defaultlib.regfile
Compiling module xil_defaultlib.alu
Compiling module xil_defaultlib.dffe
Compiling module xil_defaultlib.dffe5
Compiling module xil_defaultlib.dffe3
Compiling module xil_defaultlib.mux8x32
Compiling module xil_defaultlib.rv32m_fuse
Compiling module xil_defaultlib.Start_Div_mul
Compiling module xil_defaultlib.multiplysignedsigned
Compiling module xil_defaultlib.multiplysignedunsigned
Compiling module xil_defaultlib.multiplyunsignedunsigned
Compiling module xil_defaultlib.UDivide
Compiling module xil_defaultlib.SDivide
Compiling module xil_defaultlib.Basic_and
Compiling module xil_defaultlib.mul_div
Compiling module xil_defaultlib.rv32m_fuseALU
Compiling module xil_defaultlib.jal_addr
Compiling module xil_defaultlib.jalr_addr
Compiling module xil_defaultlib.imme
Compiling module xil_defaultlib.branch_addr
Compiling module xil_defaultlib.sccpu
Compiling module xil_defaultlib.uram(A_WIDTH=8,INIT_FILE="C:/JHU...
Compiling module xil_defaultlib.uram(A_WIDTH=8,INIT_FILE="C:/JHU...
Compiling module xil_defaultlib.sccomp_decoder
Compiling module xil_defaultlib.milliscounter
Compiling module xil_defaultlib.regR
Compiling module xil_defaultlib.microsCounter
Compiling module xil_defaultlib.toggleBuzz
Compiling module xil_defaultlib.buzzer
Compiling module xil_defaultlib.SPI_Master(SPI_MODE=3,CLKS_PER_H...
Compiling module xil_defaultlib.pmod_als_spi_receiver
Compiling module xil_defaultlib.sevensegdec
Compiling module xil_defaultlib.counter(WIDTH=16)
Compiling module xil_defaultlib.counter(WIDTH=3)
Compiling module xil_defaultlib.mux8
Compiling module xil_defaultlib.mux8(WIDTH=4)
Compiling module xil_defaultlib.sevensegtimer
Compiling module xil_defaultlib.cpugpio
Compiling module xil_defaultlib.sc_computer
Compiling module xil_defaultlib.sc_computer_tb
Compiling module xil_defaultlib.glbl
Built simulation snapshot sc_computer_tb_behav
